  Source.cpp
C:\Users\mdahl\JOBB\11VisualStudio\mdhl_lib\mdhl_Tools.h(71,9): warning C4551: function call missing argument list
C:\Users\mdahl\JOBB\11VisualStudio\mdhl_lib\mdhl_Knx_Items_v4.h(4,10): warning C4067: unexpected tokens following preprocessor directive - expected a newline
C:\Users\mdahl\JOBB\11VisualStudio\mdhl_lib\mdhl_Knx_Items_v4.h(5,10): warning C4067: unexpected tokens following preprocessor directive - expected a newline
C:\Users\mdahl\JOBB\11VisualStudio\mdhl_lib\mdhl_Knx_Items_v4.h(6,10): warning C4067: unexpected tokens following preprocessor directive - expected a newline
C:\Users\mdahl\JOBB\11VisualStudio\mdhl_lib\mdhl_Knx_v4.h(199,39): warning C4267: '=': conversion from 'size_t' to 'int', possible loss of data
C:\Users\mdahl\JOBB\11VisualStudio\mdhl_lib\mdhl_Knx_v4.h(239,43): warning C4267: '=': conversion from 'size_t' to 'int', possible loss of data
C:\Users\mdahl\JOBB\11VisualStudio\VS_c++\KNX_CFC_Autogen_4\KNX_CFC_Autogen_4\Source.cpp(81,41): warning C4267: '=': conversion from 'size_t' to 'int', possible loss of data
C:\Users\mdahl\JOBB\11VisualStudio\VS_c++\KNX_CFC_Autogen_4\KNX_CFC_Autogen_4\Source.cpp(91,47): warning C4267: '=': conversion from 'size_t' to 'int', possible loss of data
C:\Users\mdahl\JOBB\11VisualStudio\VS_c++\KNX_CFC_Autogen_4\KNX_CFC_Autogen_4\Source.cpp(97,47): warning C4267: '=': conversion from 'size_t' to 'int', possible loss of data
C:\Users\mdahl\JOBB\11VisualStudio\VS_c++\KNX_CFC_Autogen_4\KNX_CFC_Autogen_4\Source.cpp(115,53): warning C4267: '=': conversion from 'size_t' to 'int', possible loss of data
C:\Users\mdahl\JOBB\11VisualStudio\VS_c++\KNX_CFC_Autogen_4\KNX_CFC_Autogen_4\Source.cpp(131,59): warning C4267: '=': conversion from 'size_t' to 'int', possible loss of data
C:\Users\mdahl\JOBB\11VisualStudio\VS_c++\KNX_CFC_Autogen_4\KNX_CFC_Autogen_4\Source.cpp(137,63): warning C4267: '=': conversion from 'size_t' to 'int', possible loss of data
C:\Users\mdahl\JOBB\11VisualStudio\VS_c++\KNX_CFC_Autogen_4\KNX_CFC_Autogen_4\Source.cpp(145,63): warning C4267: '=': conversion from 'size_t' to 'int', possible loss of data
C:\Users\mdahl\JOBB\11VisualStudio\VS_c++\KNX_CFC_Autogen_4\KNX_CFC_Autogen_4\Source.cpp(153,63): warning C4267: '=': conversion from 'size_t' to 'int', possible loss of data
C:\Program Files (x86)\Microsoft Visual Studio\2019\Community\VC\Tools\MSVC\14.28.29910\include\xstring(2468,23): warning C4244: 'argument': conversion from 'wchar_t' to 'const _Elem', possible loss of data
          with
          [
              _Elem=char
          ]
C:\Program Files (x86)\Microsoft Visual Studio\2019\Community\VC\Tools\MSVC\14.28.29910\include\xstring(2479): message : see reference to function template instantiation 'void std::basic_string<char,std::char_traits<char>,std::allocator<char>>::_Construct<wchar_t*>(_Iter,const _Iter,std::input_iterator_tag)' being compiled
          with
          [
              _Iter=wchar_t *
          ]
C:\Program Files (x86)\Microsoft Visual Studio\2019\Community\VC\Tools\MSVC\14.28.29910\include\xstring(2479): message : see reference to function template instantiation 'void std::basic_string<char,std::char_traits<char>,std::allocator<char>>::_Construct<wchar_t*>(_Iter,const _Iter,std::input_iterator_tag)' being compiled
          with
          [
              _Iter=wchar_t *
          ]
C:\Program Files (x86)\Microsoft Visual Studio\2019\Community\VC\Tools\MSVC\14.28.29910\include\xstring(2459): message : see reference to function template instantiation 'void std::basic_string<char,std::char_traits<char>,std::allocator<char>>::_Construct<wchar_t*>(const _Iter,const _Iter,std::forward_iterator_tag)' being compiled
          with
          [
              _Iter=wchar_t *
          ]
C:\Program Files (x86)\Microsoft Visual Studio\2019\Community\VC\Tools\MSVC\14.28.29910\include\xstring(2459): message : see reference to function template instantiation 'void std::basic_string<char,std::char_traits<char>,std::allocator<char>>::_Construct<wchar_t*>(const _Iter,const _Iter,std::forward_iterator_tag)' being compiled
          with
          [
              _Iter=wchar_t *
          ]
C:\Users\mdahl\JOBB\11VisualStudio\VS_c++\KNX_CFC_Autogen_4\KNX_CFC_Autogen_4\Source.cpp(180): message : see reference to function template instantiation 'std::basic_string<char,std::char_traits<char>,std::allocator<char>>::basic_string<std::_String_iterator<std::_String_val<std::_Simple_types<_Elem>>>,0>(_Iter,_Iter,const _Alloc &)' being compiled
          with
          [
              _Elem=wchar_t,
              _Iter=std::_String_iterator<std::_String_val<std::_Simple_types<wchar_t>>>,
              _Alloc=std::allocator<char>
          ]
C:\Users\mdahl\JOBB\11VisualStudio\VS_c++\KNX_CFC_Autogen_4\KNX_CFC_Autogen_4\Source.cpp(180): message : see reference to function template instantiation 'std::basic_string<char,std::char_traits<char>,std::allocator<char>>::basic_string<std::_String_iterator<std::_String_val<std::_Simple_types<_Elem>>>,0>(_Iter,_Iter,const _Alloc &)' being compiled
          with
          [
              _Elem=wchar_t,
              _Iter=std::_String_iterator<std::_String_val<std::_Simple_types<wchar_t>>>,
              _Alloc=std::allocator<char>
          ]
  Generating code
  Previous IPDB not found, fall back to full compilation.
  All 610 functions were compiled because no usable IPDB/IOBJ from previous compilation was found.
  Finished generating code
  KNX_CFC_Autogen_4.vcxproj -> C:\Users\mdahl\JOBB\11VisualStudio\VS_c++\KNX_CFC_Autogen_4\x64\Release\KNX_CFC_Autogen_4.exe
